2013/08/03 07:30:57 [error] [exception.CHttpException.404] exception 'CHttpException' with message 'Невозможно обработать запрос "uploads/shop/title/5135a0fb8b3c654c34e9ae4.jpg".' in F:\Dropbox\yii\comfort\framework\web\CWebApplication.php:286
Stack trace:
#0 F:\Dropbox\yii\comfort\framework\web\CWebApplication.php(141): CWebApplication->runController('uploads/shop/ti...')
#1 F:\Dropbox\yii\comfort\framework\base\CApplication.php(169): CWebApplication->processRequest()
#2 F:\Dropbox\yii\comfort\www\index.php(13): CApplication->run()
#3 {main}
REQUEST_URI=/uploads/shop/title/5135a0fb8b3c654c34e9ae4.jpg
HTTP_REFERER=http://comfort.local/shop/category/2/detskie?sort=created_asc
---
2013/08/03 07:30:58 [error] [exception.CHttpException.404] exception 'CHttpException' with message 'Невозможно обработать запрос "favicon.ico".' in F:\Dropbox\yii\comfort\framework\web\CWebApplication.php:286
Stack trace:
#0 F:\Dropbox\yii\comfort\framework\web\CWebApplication.php(141): CWebApplication->runController('favicon.ico')
#1 F:\Dropbox\yii\comfort\framework\base\CApplication.php(169): CWebApplication->processRequest()
#2 F:\Dropbox\yii\comfort\www\index.php(13): CApplication->run()
#3 {main}
REQUEST_URI=/favicon.ico
---
2013/08/03 07:31:07 [error] [exception.CHttpException.404] exception 'CHttpException' with message 'Невозможно обработать запрос "css/shop.css".' in F:\Dropbox\yii\comfort\framework\web\CWebApplication.php:286
Stack trace:
#0 F:\Dropbox\yii\comfort\framework\web\CWebApplication.php(141): CWebApplication->runController('css/shop.css')
#1 F:\Dropbox\yii\comfort\framework\base\CApplication.php(169): CWebApplication->processRequest()
#2 F:\Dropbox\yii\comfort\www\index.php(13): CApplication->run()
#3 {main}
REQUEST_URI=/css/shop.css
HTTP_REFERER=http://comfort.local/shop/category/2/detskie
---
2013/08/03 07:31:07 [error] [exception.CHttpException.404] exception 'CHttpException' with message 'Невозможно обработать запрос "uploads/shop/title/5135a0fb8b3c654c34e9ae4.jpg".' in F:\Dropbox\yii\comfort\framework\web\CWebApplication.php:286
Stack trace:
#0 F:\Dropbox\yii\comfort\framework\web\CWebApplication.php(141): CWebApplication->runController('uploads/shop/ti...')
#1 F:\Dropbox\yii\comfort\framework\base\CApplication.php(169): CWebApplication->processRequest()
#2 F:\Dropbox\yii\comfort\www\index.php(13): CApplication->run()
#3 {main}
REQUEST_URI=/uploads/shop/title/5135a0fb8b3c654c34e9ae4.jpg
HTTP_REFERER=http://comfort.local/shop/category/2/detskie
---
2013/08/03 07:31:07 [error] [exception.CHttpException.404] exception 'CHttpException' with message 'Невозможно обработать запрос "uploads/shop/product/thumb/5131efbd38d8204-04-06_1557.jpg".' in F:\Dropbox\yii\comfort\framework\web\CWebApplication.php:286
Stack trace:
#0 F:\Dropbox\yii\comfort\framework\web\CWebApplication.php(141): CWebApplication->runController('uploads/shop/pr...')
#1 F:\Dropbox\yii\comfort\framework\base\CApplication.php(169): CWebApplication->processRequest()
#2 F:\Dropbox\yii\comfort\www\index.php(13): CApplication->run()
#3 {main}
REQUEST_URI=/uploads/shop/product/thumb/5131efbd38d8204-04-06_1557.jpg
HTTP_REFERER=http://comfort.local/shop/category/2/detskie
---
2013/08/03 07:31:07 [error] [exception.CHttpException.404] exception 'CHttpException' with message 'Невозможно обработать запрос "uploads/shop/product/thumb/517a25ba43b8eTY2tnq2cWB0.jpg".' in F:\Dropbox\yii\comfort\framework\web\CWebApplication.php:286
Stack trace:
#0 F:\Dropbox\yii\comfort\framework\web\CWebApplication.php(141): CWebApplication->runController('uploads/shop/pr...')
#1 F:\Dropbox\yii\comfort\framework\base\CApplication.php(169): CWebApplication->processRequest()
#2 F:\Dropbox\yii\comfort\www\index.php(13): CApplication->run()
#3 {main}
REQUEST_URI=/uploads/shop/product/thumb/517a25ba43b8eTY2tnq2cWB0.jpg
HTTP_REFERER=http://comfort.local/shop/category/2/detskie
---
2013/08/03 07:31:07 [error] [exception.CHttpException.404] exception 'CHttpException' with message 'Невозможно обработать запрос "uploads/shop/product/thumb/5170ecc9e6425753E5AFA-C3A0-4DF0-9BA0-51E604E8C97B.jpg".' in F:\Dropbox\yii\comfort\framework\web\CWebApplication.php:286
Stack trace:
#0 F:\Dropbox\yii\comfort\framework\web\CWebApplication.php(141): CWebApplication->runController('uploads/shop/pr...')
#1 F:\Dropbox\yii\comfort\framework\base\CApplication.php(169): CWebApplication->processRequest()
#2 F:\Dropbox\yii\comfort\www\index.php(13): CApplication->run()
#3 {main}
REQUEST_URI=/uploads/shop/product/thumb/5170ecc9e6425753E5AFA-C3A0-4DF0-9BA0-51E604E8C97B.jpg
HTTP_REFERER=http://comfort.local/shop/category/2/detskie
---
2013/08/03 07:31:08 [error] [exception.CHttpException.404] exception 'CHttpException' with message 'Невозможно обработать запрос "favicon.ico".' in F:\Dropbox\yii\comfort\framework\web\CWebApplication.php:286
Stack trace:
#0 F:\Dropbox\yii\comfort\framework\web\CWebApplication.php(141): CWebApplication->runController('favicon.ico')
#1 F:\Dropbox\yii\comfort\framework\base\CApplication.php(169): CWebApplication->processRequest()
#2 F:\Dropbox\yii\comfort\www\index.php(13): CApplication->run()
#3 {main}
REQUEST_URI=/favicon.ico
---
2013/08/03 07:31:09 [error] [exception.CHttpException.404] exception 'CHttpException' with message 'Невозможно обработать запрос "css/shop.css".' in F:\Dropbox\yii\comfort\framework\web\CWebApplication.php:286
Stack trace:
#0 F:\Dropbox\yii\comfort\framework\web\CWebApplication.php(141): CWebApplication->runController('css/shop.css')
#1 F:\Dropbox\yii\comfort\framework\base\CApplication.php(169): CWebApplication->processRequest()
#2 F:\Dropbox\yii\comfort\www\index.php(13): CApplication->run()
#3 {main}
REQUEST_URI=/css/shop.css
HTTP_REFERER=http://comfort.local/shop
---
2013/08/03 07:31:09 [error] [exception.CHttpException.404] exception 'CHttpException' with message 'Невозможно обработать запрос "favicon.ico".' in F:\Dropbox\yii\comfort\framework\web\CWebApplication.php:286
Stack trace:
#0 F:\Dropbox\yii\comfort\framework\web\CWebApplication.php(141): CWebApplication->runController('favicon.ico')
#1 F:\Dropbox\yii\comfort\framework\base\CApplication.php(169): CWebApplication->processRequest()
#2 F:\Dropbox\yii\comfort\www\index.php(13): CApplication->run()
#3 {main}
REQUEST_URI=/favicon.ico
---
2013/08/03 07:31:10 [error] [exception.CHttpException.404] exception 'CHttpException' with message 'Невозможно обработать запрос "css/shop.css".' in F:\Dropbox\yii\comfort\framework\web\CWebApplication.php:286
Stack trace:
#0 F:\Dropbox\yii\comfort\framework\web\CWebApplication.php(141): CWebApplication->runController('css/shop.css')
#1 F:\Dropbox\yii\comfort\framework\base\CApplication.php(169): CWebApplication->processRequest()
#2 F:\Dropbox\yii\comfort\www\index.php(13): CApplication->run()
#3 {main}
REQUEST_URI=/css/shop.css
HTTP_REFERER=http://comfort.local/about
---
2013/08/03 07:31:10 [error] [exception.CHttpException.404] exception 'CHttpException' with message 'Невозможно обработать запрос "favicon.ico".' in F:\Dropbox\yii\comfort\framework\web\CWebApplication.php:286
Stack trace:
#0 F:\Dropbox\yii\comfort\framework\web\CWebApplication.php(141): CWebApplication->runController('favicon.ico')
#1 F:\Dropbox\yii\comfort\framework\base\CApplication.php(169): CWebApplication->processRequest()
#2 F:\Dropbox\yii\comfort\www\index.php(13): CApplication->run()
#3 {main}
REQUEST_URI=/favicon.ico
---
2013/08/03 07:31:11 [error] [exception.CHttpException.404] exception 'CHttpException' with message 'Невозможно обработать запрос "css/shop.css".' in F:\Dropbox\yii\comfort\framework\web\CWebApplication.php:286
Stack trace:
#0 F:\Dropbox\yii\comfort\framework\web\CWebApplication.php(141): CWebApplication->runController('css/shop.css')
#1 F:\Dropbox\yii\comfort\framework\base\CApplication.php(169): CWebApplication->processRequest()
#2 F:\Dropbox\yii\comfort\www\index.php(13): CApplication->run()
#3 {main}
REQUEST_URI=/css/shop.css
HTTP_REFERER=http://comfort.local/events
---
2013/08/03 07:31:11 [error] [exception.CHttpException.404] exception 'CHttpException' with message 'Невозможно обработать запрос "favicon.ico".' in F:\Dropbox\yii\comfort\framework\web\CWebApplication.php:286
Stack trace:
#0 F:\Dropbox\yii\comfort\framework\web\CWebApplication.php(141): CWebApplication->runController('favicon.ico')
#1 F:\Dropbox\yii\comfort\framework\base\CApplication.php(169): CWebApplication->processRequest()
#2 F:\Dropbox\yii\comfort\www\index.php(13): CApplication->run()
#3 {main}
REQUEST_URI=/favicon.ico
---
2013/08/03 07:31:12 [error] [exception.CHttpException.404] exception 'CHttpException' with message 'Невозможно обработать запрос "css/shop.css".' in F:\Dropbox\yii\comfort\framework\web\CWebApplication.php:286
Stack trace:
#0 F:\Dropbox\yii\comfort\framework\web\CWebApplication.php(141): CWebApplication->runController('css/shop.css')
#1 F:\Dropbox\yii\comfort\framework\base\CApplication.php(169): CWebApplication->processRequest()
#2 F:\Dropbox\yii\comfort\www\index.php(13): CApplication->run()
#3 {main}
REQUEST_URI=/css/shop.css
HTTP_REFERER=http://comfort.local/news
---
2013/08/03 07:31:12 [error] [exception.CHttpException.404] exception 'CHttpException' with message 'Невозможно обработать запрос "images/demo/demonews.jpg".' in F:\Dropbox\yii\comfort\framework\web\CWebApplication.php:286
Stack trace:
#0 F:\Dropbox\yii\comfort\framework\web\CWebApplication.php(141): CWebApplication->runController('images/demo/dem...')
#1 F:\Dropbox\yii\comfort\framework\base\CApplication.php(169): CWebApplication->processRequest()
#2 F:\Dropbox\yii\comfort\www\index.php(13): CApplication->run()
#3 {main}
REQUEST_URI=/images/demo/demonews.jpg
HTTP_REFERER=http://comfort.local/news
---
2013/08/03 07:31:12 [error] [exception.CHttpException.404] exception 'CHttpException' with message 'Невозможно обработать запрос "uploads/news//064cedee0bbd42b05cb2511018f91a3b.jpg".' in F:\Dropbox\yii\comfort\framework\web\CWebApplication.php:286
Stack trace:
#0 F:\Dropbox\yii\comfort\framework\web\CWebApplication.php(141): CWebApplication->runController('uploads/news//0...')
#1 F:\Dropbox\yii\comfort\framework\base\CApplication.php(169): CWebApplication->processRequest()
#2 F:\Dropbox\yii\comfort\www\index.php(13): CApplication->run()
#3 {main}
REQUEST_URI=/uploads/news//064cedee0bbd42b05cb2511018f91a3b.jpg
HTTP_REFERER=http://comfort.local/news
---
2013/08/03 07:31:12 [error] [exception.CHttpException.404] exception 'CHttpException' with message 'Невозможно обработать запрос "favicon.ico".' in F:\Dropbox\yii\comfort\framework\web\CWebApplication.php:286
Stack trace:
#0 F:\Dropbox\yii\comfort\framework\web\CWebApplication.php(141): CWebApplication->runController('favicon.ico')
#1 F:\Dropbox\yii\comfort\framework\base\CApplication.php(169): CWebApplication->processRequest()
#2 F:\Dropbox\yii\comfort\www\index.php(13): CApplication->run()
#3 {main}
REQUEST_URI=/favicon.ico
---
2013/08/03 07:31:14 [error] [exception.CHttpException.404] exception 'CHttpException' with message 'Невозможно обработать запрос "css/shop.css".' in F:\Dropbox\yii\comfort\framework\web\CWebApplication.php:286
Stack trace:
#0 F:\Dropbox\yii\comfort\framework\web\CWebApplication.php(141): CWebApplication->runController('css/shop.css')
#1 F:\Dropbox\yii\comfort\framework\base\CApplication.php(169): CWebApplication->processRequest()
#2 F:\Dropbox\yii\comfort\www\index.php(13): CApplication->run()
#3 {main}
REQUEST_URI=/css/shop.css
HTTP_REFERER=http://comfort.local/shop
---
2013/08/03 07:31:15 [error] [exception.CHttpException.404] exception 'CHttpException' with message 'Невозможно обработать запрос "favicon.ico".' in F:\Dropbox\yii\comfort\framework\web\CWebApplication.php:286
Stack trace:
#0 F:\Dropbox\yii\comfort\framework\web\CWebApplication.php(141): CWebApplication->runController('favicon.ico')
#1 F:\Dropbox\yii\comfort\framework\base\CApplication.php(169): CWebApplication->processRequest()
#2 F:\Dropbox\yii\comfort\www\index.php(13): CApplication->run()
#3 {main}
REQUEST_URI=/favicon.ico
---
2013/08/03 07:31:17 [error] [exception.CHttpException.404] exception 'CHttpException' with message 'Невозможно обработать запрос "css/shop.css".' in F:\Dropbox\yii\comfort\framework\web\CWebApplication.php:286
Stack trace:
#0 F:\Dropbox\yii\comfort\framework\web\CWebApplication.php(141): CWebApplication->runController('css/shop.css')
#1 F:\Dropbox\yii\comfort\framework\base\CApplication.php(169): CWebApplication->processRequest()
#2 F:\Dropbox\yii\comfort\www\index.php(13): CApplication->run()
#3 {main}
REQUEST_URI=/css/shop.css
HTTP_REFERER=http://comfort.local/shop/category/2/detskie
---
2013/08/03 07:31:17 [error] [exception.CHttpException.404] exception 'CHttpException' with message 'Невозможно обработать запрос "uploads/shop/title/5135a0fb8b3c654c34e9ae4.jpg".' in F:\Dropbox\yii\comfort\framework\web\CWebApplication.php:286
Stack trace:
#0 F:\Dropbox\yii\comfort\framework\web\CWebApplication.php(141): CWebApplication->runController('uploads/shop/ti...')
#1 F:\Dropbox\yii\comfort\framework\base\CApplication.php(169): CWebApplication->processRequest()
#2 F:\Dropbox\yii\comfort\www\index.php(13): CApplication->run()
#3 {main}
REQUEST_URI=/uploads/shop/title/5135a0fb8b3c654c34e9ae4.jpg
HTTP_REFERER=http://comfort.local/shop/category/2/detskie
---
2013/08/03 07:31:17 [error] [exception.CHttpException.404] exception 'CHttpException' with message 'Невозможно обработать запрос "uploads/shop/product/thumb/517a25ba43b8eTY2tnq2cWB0.jpg".' in F:\Dropbox\yii\comfort\framework\web\CWebApplication.php:286
Stack trace:
#0 F:\Dropbox\yii\comfort\framework\web\CWebApplication.php(141): CWebApplication->runController('uploads/shop/pr...')
#1 F:\Dropbox\yii\comfort\framework\base\CApplication.php(169): CWebApplication->processRequest()
#2 F:\Dropbox\yii\comfort\www\index.php(13): CApplication->run()
#3 {main}
REQUEST_URI=/uploads/shop/product/thumb/517a25ba43b8eTY2tnq2cWB0.jpg
HTTP_REFERER=http://comfort.local/shop/category/2/detskie
---
2013/08/03 07:31:17 [error] [exception.CHttpException.404] exception 'CHttpException' with message 'Невозможно обработать запрос "uploads/shop/product/thumb/5170ecc9e6425753E5AFA-C3A0-4DF0-9BA0-51E604E8C97B.jpg".' in F:\Dropbox\yii\comfort\framework\web\CWebApplication.php:286
Stack trace:
#0 F:\Dropbox\yii\comfort\framework\web\CWebApplication.php(141): CWebApplication->runController('uploads/shop/pr...')
#1 F:\Dropbox\yii\comfort\framework\base\CApplication.php(169): CWebApplication->processRequest()
#2 F:\Dropbox\yii\comfort\www\index.php(13): CApplication->run()
#3 {main}
REQUEST_URI=/uploads/shop/product/thumb/5170ecc9e6425753E5AFA-C3A0-4DF0-9BA0-51E604E8C97B.jpg
HTTP_REFERER=http://comfort.local/shop/category/2/detskie
---
2013/08/03 07:31:17 [error] [exception.CHttpException.404] exception 'CHttpException' with message 'Невозможно обработать запрос "uploads/shop/product/thumb/5131efbd38d8204-04-06_1557.jpg".' in F:\Dropbox\yii\comfort\framework\web\CWebApplication.php:286
Stack trace:
#0 F:\Dropbox\yii\comfort\framework\web\CWebApplication.php(141): CWebApplication->runController('uploads/shop/pr...')
#1 F:\Dropbox\yii\comfort\framework\base\CApplication.php(169): CWebApplication->processRequest()
#2 F:\Dropbox\yii\comfort\www\index.php(13): CApplication->run()
#3 {main}
REQUEST_URI=/uploads/shop/product/thumb/5131efbd38d8204-04-06_1557.jpg
HTTP_REFERER=http://comfort.local/shop/category/2/detskie
---
2013/08/03 07:31:18 [error] [exception.CHttpException.404] exception 'CHttpException' with message 'Невозможно обработать запрос "favicon.ico".' in F:\Dropbox\yii\comfort\framework\web\CWebApplication.php:286
Stack trace:
#0 F:\Dropbox\yii\comfort\framework\web\CWebApplication.php(141): CWebApplication->runController('favicon.ico')
#1 F:\Dropbox\yii\comfort\framework\base\CApplication.php(169): CWebApplication->processRequest()
#2 F:\Dropbox\yii\comfort\www\index.php(13): CApplication->run()
#3 {main}
REQUEST_URI=/favicon.ico
---
2013/08/03 07:31:20 [error] [exception.CHttpException.404] exception 'CHttpException' with message 'Невозможно обработать запрос "css/shop.css".' in F:\Dropbox\yii\comfort\framework\web\CWebApplication.php:286
Stack trace:
#0 F:\Dropbox\yii\comfort\framework\web\CWebApplication.php(141): CWebApplication->runController('css/shop.css')
#1 F:\Dropbox\yii\comfort\framework\base\CApplication.php(169): CWebApplication->processRequest()
#2 F:\Dropbox\yii\comfort\www\index.php(13): CApplication->run()
#3 {main}
REQUEST_URI=/css/shop.css
HTTP_REFERER=http://comfort.local/shop/product/2/tovar-2
---
2013/08/03 07:31:20 [error] [exception.CHttpException.404] exception 'CHttpException' with message 'Невозможно обработать запрос "uploads/shop/product/thumb/517a25ba43b8eTY2tnq2cWB0.jpg".' in F:\Dropbox\yii\comfort\framework\web\CWebApplication.php:286
Stack trace:
#0 F:\Dropbox\yii\comfort\framework\web\CWebApplication.php(141): CWebApplication->runController('uploads/shop/pr...')
#1 F:\Dropbox\yii\comfort\framework\base\CApplication.php(169): CWebApplication->processRequest()
#2 F:\Dropbox\yii\comfort\www\index.php(13): CApplication->run()
#3 {main}
REQUEST_URI=/uploads/shop/product/thumb/517a25ba43b8eTY2tnq2cWB0.jpg
HTTP_REFERER=http://comfort.local/shop/product/2/tovar-2
---
2013/08/03 07:31:20 [error] [exception.CHttpException.404] exception 'CHttpException' with message 'Невозможно обработать запрос "favicon.ico".' in F:\Dropbox\yii\comfort\framework\web\CWebApplication.php:286
Stack trace:
#0 F:\Dropbox\yii\comfort\framework\web\CWebApplication.php(141): CWebApplication->runController('favicon.ico')
#1 F:\Dropbox\yii\comfort\framework\base\CApplication.php(169): CWebApplication->processRequest()
#2 F:\Dropbox\yii\comfort\www\index.php(13): CApplication->run()
#3 {main}
REQUEST_URI=/favicon.ico
---
2013/08/03 07:31:24 [error] [exception.CHttpException.404] exception 'CHttpException' with message 'Невозможно обработать запрос "css/shop.css".' in F:\Dropbox\yii\comfort\framework\web\CWebApplication.php:286
Stack trace:
#0 F:\Dropbox\yii\comfort\framework\web\CWebApplication.php(141): CWebApplication->runController('css/shop.css')
#1 F:\Dropbox\yii\comfort\framework\base\CApplication.php(169): CWebApplication->processRequest()
#2 F:\Dropbox\yii\comfort\www\index.php(13): CApplication->run()
#3 {main}
REQUEST_URI=/css/shop.css
HTTP_REFERER=http://comfort.local/shop/cart
---
2013/08/03 07:31:24 [error] [exception.CHttpException.404] exception 'CHttpException' with message 'Невозможно обработать запрос "uploads/shop/product/thumb/517a25ba43b8eTY2tnq2cWB0.jpg".' in F:\Dropbox\yii\comfort\framework\web\CWebApplication.php:286
Stack trace:
#0 F:\Dropbox\yii\comfort\framework\web\CWebApplication.php(141): CWebApplication->runController('uploads/shop/pr...')
#1 F:\Dropbox\yii\comfort\framework\base\CApplication.php(169): CWebApplication->processRequest()
#2 F:\Dropbox\yii\comfort\www\index.php(13): CApplication->run()
#3 {main}
REQUEST_URI=/uploads/shop/product/thumb/517a25ba43b8eTY2tnq2cWB0.jpg
HTTP_REFERER=http://comfort.local/shop/cart
---
2013/08/03 07:31:25 [error] [exception.CHttpException.404] exception 'CHttpException' with message 'Невозможно обработать запрос "favicon.ico".' in F:\Dropbox\yii\comfort\framework\web\CWebApplication.php:286
Stack trace:
#0 F:\Dropbox\yii\comfort\framework\web\CWebApplication.php(141): CWebApplication->runController('favicon.ico')
#1 F:\Dropbox\yii\comfort\framework\base\CApplication.php(169): CWebApplication->processRequest()
#2 F:\Dropbox\yii\comfort\www\index.php(13): CApplication->run()
#3 {main}
REQUEST_URI=/favicon.ico
---
2013/08/12 10:53:25 [error] [exception.CHttpException.404] exception 'CHttpException' with message 'Невозможно обработать запрос "css/shop.css".' in D:\Dropbox\yii\comfort\framework\web\CWebApplication.php:286
Stack trace:
#0 D:\Dropbox\yii\comfort\framework\web\CWebApplication.php(141): CWebApplication->runController('css/shop.css')
#1 D:\Dropbox\yii\comfort\framework\base\CApplication.php(169): CWebApplication->processRequest()
#2 D:\Dropbox\yii\comfort\www\index.php(13): CApplication->run()
#3 {main}
REQUEST_URI=/css/shop.css
HTTP_REFERER=http://comfort.local/
---
2013/08/12 10:53:28 [error] [exception.CHttpException.404] exception 'CHttpException' with message 'Невозможно обработать запрос "favicon.ico".' in D:\Dropbox\yii\comfort\framework\web\CWebApplication.php:286
Stack trace:
#0 D:\Dropbox\yii\comfort\framework\web\CWebApplication.php(141): CWebApplication->runController('favicon.ico')
#1 D:\Dropbox\yii\comfort\framework\base\CApplication.php(169): CWebApplication->processRequest()
#2 D:\Dropbox\yii\comfort\www\index.php(13): CApplication->run()
#3 {main}
REQUEST_URI=/favicon.ico
---
2013/08/13 05:20:41 [error] [exception.CHttpException.404] exception 'CHttpException' with message 'Невозможно обработать запрос "css/shop.css".' in D:\Dropbox\yii\comfort\framework\web\CWebApplication.php:286
Stack trace:
#0 D:\Dropbox\yii\comfort\framework\web\CWebApplication.php(141): CWebApplication->runController('css/shop.css')
#1 D:\Dropbox\yii\comfort\framework\base\CApplication.php(169): CWebApplication->processRequest()
#2 D:\Dropbox\yii\comfort\www\index.php(13): CApplication->run()
#3 {main}
REQUEST_URI=/css/shop.css
HTTP_REFERER=http://comfort.local/
---
2013/08/13 05:20:45 [error] [exception.CHttpException.404] exception 'CHttpException' with message 'Невозможно обработать запрос "favicon.ico".' in D:\Dropbox\yii\comfort\framework\web\CWebApplication.php:286
Stack trace:
#0 D:\Dropbox\yii\comfort\framework\web\CWebApplication.php(141): CWebApplication->runController('favicon.ico')
#1 D:\Dropbox\yii\comfort\framework\base\CApplication.php(169): CWebApplication->processRequest()
#2 D:\Dropbox\yii\comfort\www\index.php(13): CApplication->run()
#3 {main}
REQUEST_URI=/favicon.ico
---
2013/08/14 09:20:34 [error] [exception.CHttpException.404] exception 'CHttpException' with message 'Невозможно обработать запрос "css/shop.css".' in D:\Dropbox\yii\comfort\framework\web\CWebApplication.php:286
Stack trace:
#0 D:\Dropbox\yii\comfort\framework\web\CWebApplication.php(141): CWebApplication->runController('css/shop.css')
#1 D:\Dropbox\yii\comfort\framework\base\CApplication.php(169): CWebApplication->processRequest()
#2 D:\Dropbox\yii\comfort\www\index.php(13): CApplication->run()
#3 {main}
REQUEST_URI=/css/shop.css
HTTP_REFERER=http://comfort.local/
---
2013/08/14 09:20:37 [error] [exception.CHttpException.404] exception 'CHttpException' with message 'Невозможно обработать запрос "favicon.ico".' in D:\Dropbox\yii\comfort\framework\web\CWebApplication.php:286
Stack trace:
#0 D:\Dropbox\yii\comfort\framework\web\CWebApplication.php(141): CWebApplication->runController('favicon.ico')
#1 D:\Dropbox\yii\comfort\framework\base\CApplication.php(169): CWebApplication->processRequest()
#2 D:\Dropbox\yii\comfort\www\index.php(13): CApplication->run()
#3 {main}
REQUEST_URI=/favicon.ico
---
2013/08/14 09:20:42 [error] [exception.CHttpException.404] exception 'CHttpException' with message 'Невозможно обработать запрос "css/shop.css".' in D:\Dropbox\yii\comfort\framework\web\CWebApplication.php:286
Stack trace:
#0 D:\Dropbox\yii\comfort\framework\web\CWebApplication.php(141): CWebApplication->runController('css/shop.css')
#1 D:\Dropbox\yii\comfort\framework\base\CApplication.php(169): CWebApplication->processRequest()
#2 D:\Dropbox\yii\comfort\www\index.php(13): CApplication->run()
#3 {main}
REQUEST_URI=/css/shop.css
HTTP_REFERER=http://comfort.local/contacts
---
2013/08/14 09:20:44 [error] [exception.CHttpException.404] exception 'CHttpException' with message 'Невозможно обработать запрос "favicon.ico".' in D:\Dropbox\yii\comfort\framework\web\CWebApplication.php:286
Stack trace:
#0 D:\Dropbox\yii\comfort\framework\web\CWebApplication.php(141): CWebApplication->runController('favicon.ico')
#1 D:\Dropbox\yii\comfort\framework\base\CApplication.php(169): CWebApplication->processRequest()
#2 D:\Dropbox\yii\comfort\www\index.php(13): CApplication->run()
#3 {main}
REQUEST_URI=/favicon.ico
---
2013/08/14 09:20:49 [error] [exception.CHttpException.404] exception 'CHttpException' with message 'Невозможно обработать запрос "jquery.min.map".' in D:\Dropbox\yii\comfort\framework\web\CWebApplication.php:286
Stack trace:
#0 D:\Dropbox\yii\comfort\framework\web\CWebApplication.php(141): CWebApplication->runController('jquery.min.map')
#1 D:\Dropbox\yii\comfort\framework\base\CApplication.php(169): CWebApplication->processRequest()
#2 D:\Dropbox\yii\comfort\www\index.php(13): CApplication->run()
#3 {main}
REQUEST_URI=/jquery.min.map
---
2013/08/14 09:21:04 [error] [exception.CHttpException.404] exception 'CHttpException' with message 'Невозможно обработать запрос "css/shop.css".' in D:\Dropbox\yii\comfort\framework\web\CWebApplication.php:286
Stack trace:
#0 D:\Dropbox\yii\comfort\framework\web\CWebApplication.php(141): CWebApplication->runController('css/shop.css')
#1 D:\Dropbox\yii\comfort\framework\base\CApplication.php(169): CWebApplication->processRequest()
#2 D:\Dropbox\yii\comfort\www\index.php(13): CApplication->run()
#3 {main}
REQUEST_URI=/css/shop.css
HTTP_REFERER=http://comfort.local/page/1/o-kompanii
---
2013/08/14 09:21:05 [error] [exception.CHttpException.404] exception 'CHttpException' with message 'Невозможно обработать запрос "uploads/page//efdb4e02b2163bd93ad26f9db01dd668.jpg".' in D:\Dropbox\yii\comfort\framework\web\CWebApplication.php:286
Stack trace:
#0 D:\Dropbox\yii\comfort\framework\web\CWebApplication.php(141): CWebApplication->runController('uploads/page//e...')
#1 D:\Dropbox\yii\comfort\framework\base\CApplication.php(169): CWebApplication->processRequest()
#2 D:\Dropbox\yii\comfort\www\index.php(13): CApplication->run()
#3 {main}
REQUEST_URI=/uploads/page//efdb4e02b2163bd93ad26f9db01dd668.jpg
HTTP_REFERER=http://comfort.local/page/1/o-kompanii
---
2013/08/14 09:21:06 [error] [exception.CHttpException.404] exception 'CHttpException' with message 'Невозможно обработать запрос "favicon.ico".' in D:\Dropbox\yii\comfort\framework\web\CWebApplication.php:286
Stack trace:
#0 D:\Dropbox\yii\comfort\framework\web\CWebApplication.php(141): CWebApplication->runController('favicon.ico')
#1 D:\Dropbox\yii\comfort\framework\base\CApplication.php(169): CWebApplication->processRequest()
#2 D:\Dropbox\yii\comfort\www\index.php(13): CApplication->run()
#3 {main}
REQUEST_URI=/favicon.ico
---
2013/08/14 09:21:08 [error] [exception.CHttpException.404] exception 'CHttpException' with message 'Невозможно обработать запрос "css/shop.css".' in D:\Dropbox\yii\comfort\framework\web\CWebApplication.php:286
Stack trace:
#0 D:\Dropbox\yii\comfort\framework\web\CWebApplication.php(141): CWebApplication->runController('css/shop.css')
#1 D:\Dropbox\yii\comfort\framework\base\CApplication.php(169): CWebApplication->processRequest()
#2 D:\Dropbox\yii\comfort\www\index.php(13): CApplication->run()
#3 {main}
REQUEST_URI=/css/shop.css
HTTP_REFERER=http://comfort.local/news
---
2013/08/14 09:21:09 [error] [exception.CHttpException.404] exception 'CHttpException' with message 'Невозможно обработать запрос "images/demo/demonews.jpg".' in D:\Dropbox\yii\comfort\framework\web\CWebApplication.php:286
Stack trace:
#0 D:\Dropbox\yii\comfort\framework\web\CWebApplication.php(141): CWebApplication->runController('images/demo/dem...')
#1 D:\Dropbox\yii\comfort\framework\base\CApplication.php(169): CWebApplication->processRequest()
#2 D:\Dropbox\yii\comfort\www\index.php(13): CApplication->run()
#3 {main}
REQUEST_URI=/images/demo/demonews.jpg
HTTP_REFERER=http://comfort.local/news
---
2013/08/14 09:21:09 [error] [exception.CHttpException.404] exception 'CHttpException' with message 'Невозможно обработать запрос "uploads/news//064cedee0bbd42b05cb2511018f91a3b.jpg".' in D:\Dropbox\yii\comfort\framework\web\CWebApplication.php:286
Stack trace:
#0 D:\Dropbox\yii\comfort\framework\web\CWebApplication.php(141): CWebApplication->runController('uploads/news//0...')
#1 D:\Dropbox\yii\comfort\framework\base\CApplication.php(169): CWebApplication->processRequest()
#2 D:\Dropbox\yii\comfort\www\index.php(13): CApplication->run()
#3 {main}
REQUEST_URI=/uploads/news//064cedee0bbd42b05cb2511018f91a3b.jpg
HTTP_REFERER=http://comfort.local/news
---
2013/08/14 09:21:10 [error] [exception.CHttpException.404] exception 'CHttpException' with message 'Невозможно обработать запрос "favicon.ico".' in D:\Dropbox\yii\comfort\framework\web\CWebApplication.php:286
Stack trace:
#0 D:\Dropbox\yii\comfort\framework\web\CWebApplication.php(141): CWebApplication->runController('favicon.ico')
#1 D:\Dropbox\yii\comfort\framework\base\CApplication.php(169): CWebApplication->processRequest()
#2 D:\Dropbox\yii\comfort\www\index.php(13): CApplication->run()
#3 {main}
REQUEST_URI=/favicon.ico
---
2013/08/15 10:58:15 [error] [exception.CHttpException.404] exception 'CHttpException' with message 'Невозможно обработать запрос "css/shop.css".' in D:\Dropbox\yii\comfort\framework\web\CWebApplication.php:286
Stack trace:
#0 D:\Dropbox\yii\comfort\framework\web\CWebApplication.php(141): CWebApplication->runController('css/shop.css')
#1 D:\Dropbox\yii\comfort\framework\base\CApplication.php(169): CWebApplication->processRequest()
#2 D:\Dropbox\yii\comfort\www\index.php(13): CApplication->run()
#3 {main}
REQUEST_URI=/css/shop.css
HTTP_REFERER=http://comfort.local/
---
2013/08/15 10:58:18 [error] [exception.CHttpException.404] exception 'CHttpException' with message 'Невозможно обработать запрос "favicon.ico".' in D:\Dropbox\yii\comfort\framework\web\CWebApplication.php:286
Stack trace:
#0 D:\Dropbox\yii\comfort\framework\web\CWebApplication.php(141): CWebApplication->runController('favicon.ico')
#1 D:\Dropbox\yii\comfort\framework\base\CApplication.php(169): CWebApplication->processRequest()
#2 D:\Dropbox\yii\comfort\www\index.php(13): CApplication->run()
#3 {main}
REQUEST_URI=/favicon.ico
---
2013/08/15 10:58:19 [error] [exception.CHttpException.404] exception 'CHttpException' with message 'Невозможно обработать запрос "favicon.ico".' in D:\Dropbox\yii\comfort\framework\web\CWebApplication.php:286
Stack trace:
#0 D:\Dropbox\yii\comfort\framework\web\CWebApplication.php(141): CWebApplication->runController('favicon.ico')
#1 D:\Dropbox\yii\comfort\framework\base\CApplication.php(169): CWebApplication->processRequest()
#2 D:\Dropbox\yii\comfort\www\index.php(13): CApplication->run()
#3 {main}
REQUEST_URI=/favicon.ico
---
2013/08/15 11:01:37 [error] [exception.CHttpException.404] exception 'CHttpException' with message 'Невозможно обработать запрос "css/shop.css".' in D:\Dropbox\yii\comfort\framework\web\CWebApplication.php:286
Stack trace:
#0 D:\Dropbox\yii\comfort\framework\web\CWebApplication.php(141): CWebApplication->runController('css/shop.css')
#1 D:\Dropbox\yii\comfort\framework\base\CApplication.php(169): CWebApplication->processRequest()
#2 D:\Dropbox\yii\comfort\www\index.php(13): CApplication->run()
#3 {main}
REQUEST_URI=/css/shop.css
HTTP_REFERER=http://comfort.local/
---
2013/08/15 11:01:39 [error] [exception.CHttpException.404] exception 'CHttpException' with message 'Невозможно обработать запрос "favicon.ico".' in D:\Dropbox\yii\comfort\framework\web\CWebApplication.php:286
Stack trace:
#0 D:\Dropbox\yii\comfort\framework\web\CWebApplication.php(141): CWebApplication->runController('favicon.ico')
#1 D:\Dropbox\yii\comfort\framework\base\CApplication.php(169): CWebApplication->processRequest()
#2 D:\Dropbox\yii\comfort\www\index.php(13): CApplication->run()
#3 {main}
REQUEST_URI=/favicon.ico
---
2013/08/15 11:01:45 [error] [exception.CHttpException.404] exception 'CHttpException' with message 'Невозможно обработать запрос "favicon.ico".' in D:\Dropbox\yii\comfort\framework\web\CWebApplication.php:286
Stack trace:
#0 D:\Dropbox\yii\comfort\framework\web\CWebApplication.php(141): CWebApplication->runController('favicon.ico')
#1 D:\Dropbox\yii\comfort\framework\base\CApplication.php(169): CWebApplication->processRequest()
#2 D:\Dropbox\yii\comfort\www\index.php(13): CApplication->run()
#3 {main}
REQUEST_URI=/favicon.ico
---
2013/08/15 11:01:49 [error] [system.db.CDbCommand] Не удалось выполнить CDbCommand::fetchAll(): SQLSTATE[42S02]: Base table or view not found: 1146 Table 'comfort.tbl_events_reserve' doesn't exist. Выполнявшийся SQL-запрос: SHOW FULL COLUMNS FROM `tbl_events_reserve`.
in D:\Dropbox\yii\comfort\www\protected\modules\events\models\EventsReserve.php (27)
in D:\Dropbox\yii\comfort\www\protected\modules\events\components\NewReserves.php (9)
in D:\Dropbox\yii\comfort\www\protected\modules\admin\layouts\admin.php (55)
2013/08/15 11:01:49 [error] [exception.CDbException] exception 'CDbException' with message 'Таблица "{{events_reserve}}", упомянутая в записи active record класса "EventsReserve", не найдена в базе данных.' in D:\Dropbox\yii\comfort\framework\db\ar\CActiveRecord.php:2310
Stack trace:
#0 D:\Dropbox\yii\comfort\framework\db\ar\CActiveRecord.php(387): CActiveRecordMetaData->__construct(Object(EventsReserve))
#1 D:\Dropbox\yii\comfort\www\protected\modules\events\models\EventsReserve.php(27): CActiveRecord::model('EventsReserve')
#2 D:\Dropbox\yii\comfort\www\protected\modules\events\components\NewReserves.php(9): EventsReserve::model()
#3 D:\Dropbox\yii\comfort\framework\web\CBaseController.php(173): NewReserves->run()
#4 D:\Dropbox\yii\comfort\www\protected\modules\admin\layouts\admin.php(55): CBaseController->widget('events.componen...')
#5 D:\Dropbox\yii\comfort\framework\web\CBaseController.php(126): require('D:\Dropbox\yii\...')
#6 D:\Dropbox\yii\comfort\framework\web\CBaseController.php(95): CBaseController->renderInternal('D:\Dropbox\yii\...', Array, true)
#7 D:\Dropbox\yii\comfort\framework\web\CController.php(784): CBaseController->renderFile('D:\Dropbox\yii\...', Array, true)
#8 D:\Dropbox\yii\comfort\www\protected\modules\admin\controllers\DefaultController.php(35): CController->render('index')
#9 D:\Dropbox\yii\comfort\framework\web\actions\CInlineAction.php(49): DefaultController->actionIndex()
#10 D:\Dropbox\yii\comfort\framework\web\CController.php(308): CInlineAction->runWithParams(Array)
#11 D:\Dropbox\yii\comfort\framework\web\filters\CFilterChain.php(133): CController->runAction(Object(CInlineAction))
#12 D:\Dropbox\yii\comfort\framework\web\filters\CFilter.php(40): CFilterChain->run()
#13 D:\Dropbox\yii\comfort\framework\web\CController.php(1145): CFilter->filter(Object(CFilterChain))
#14 D:\Dropbox\yii\comfort\framework\web\filters\CInlineFilter.php(58): CController->filterAccessControl(Object(CFilterChain))
#15 D:\Dropbox\yii\comfort\framework\web\filters\CFilterChain.php(130): CInlineFilter->filter(Object(CFilterChain))
#16 D:\Dropbox\yii\comfort\framework\web\CController.php(291): CFilterChain->run()
#17 D:\Dropbox\yii\comfort\framework\web\CController.php(265): CController->runActionWithFilters(Object(CInlineAction), Array)
#18 D:\Dropbox\yii\comfort\framework\web\CWebApplication.php(282): CController->run('')
#19 D:\Dropbox\yii\comfort\framework\web\CWebApplication.php(141): CWebApplication->runController('admin/default')
#20 D:\Dropbox\yii\comfort\framework\base\CApplication.php(169): CWebApplication->processRequest()
#21 D:\Dropbox\yii\comfort\www\index.php(13): CApplication->run()
#22 {main}
REQUEST_URI=/admin
HTTP_REFERER=http://comfort.local/login
---
2013/08/15 11:01:50 [error] [exception.CHttpException.404] exception 'CHttpException' with message 'Невозможно обработать запрос "favicon.ico".' in D:\Dropbox\yii\comfort\framework\web\CWebApplication.php:286
Stack trace:
#0 D:\Dropbox\yii\comfort\framework\web\CWebApplication.php(141): CWebApplication->runController('favicon.ico')
#1 D:\Dropbox\yii\comfort\framework\base\CApplication.php(169): CWebApplication->processRequest()
#2 D:\Dropbox\yii\comfort\www\index.php(13): CApplication->run()
#3 {main}
REQUEST_URI=/favicon.ico
---
2013/08/15 11:03:01 [error] [exception.CHttpException.404] exception 'CHttpException' with message 'Невозможно обработать запрос "favicon.ico".' in D:\Dropbox\yii\comfort\framework\web\CWebApplication.php:286
Stack trace:
#0 D:\Dropbox\yii\comfort\framework\web\CWebApplication.php(141): CWebApplication->runController('favicon.ico')
#1 D:\Dropbox\yii\comfort\framework\base\CApplication.php(169): CWebApplication->processRequest()
#2 D:\Dropbox\yii\comfort\www\index.php(13): CApplication->run()
#3 {main}
REQUEST_URI=/favicon.ico
---
